<?xml version="1.0" encoding="UTF-8"?>
<!-- Generated by org.testng.reporters.JUnitReportReporter -->
<testsuite hostname="MSI" failures="0" tests="1" name="demotesting.working_with_xmlfile" time="8.234" errors="0" timestamp="2025-05-28T12:08:37 IST" skipped="0">
  <testcase classname="demotesting.working_with_xmlfile" name="simpletest" time="8.234"/>
  <system-out/>
</testsuite> <!-- demotesting.working_with_xmlfile -->
